{
  "stats": {
    "suites": 1,
    "tests": 3,
    "passes": 3,
    "pending": 0,
    "failures": 0,
    "start": "2021-07-13T08:47:49.084Z",
    "end": "2021-07-13T08:48:29.064Z",
    "duration": 39980,
    "testsRegistered": 3,
    "passPercent": 100,
    "pendingPercent": 0,
    "other": 0,
    "hasOther": false,
    "skipped": 0,
    "hasSkipped": false
  },
  "results": [
    {
      "uuid": "ea5b604a-a4b8-46af-b4d1-3f77d9449090",
      "title": "",
      "fullFile": "cypress/integration/features/login.feature",
      "file": "cypress/integration/features/login.feature",
      "beforeHooks": [],
      "afterHooks": [],
      "tests": [],
      "suites": [
        {
          "uuid": "6f7cc516-f602-414e-8014-2695de101cd5",
          "title": "Test login feature",
          "fullFile": "",
          "file": "",
          "beforeHooks": [],
          "afterHooks": [],
          "tests": [
            {
              "title": "Test user login as Admin using correct credentials in Desktop",
              "fullTitle": "Test login feature Test user login as Admin using correct credentials in Desktop",
              "timedOut": null,
              "duration": 30826,
              "state": "passed",
              "speed": "slow",
              "pass": true,
              "fail": false,
              "pending": false,
              "context": null,
              "code": "const state = window.testState;\nreturn cy\n  .then(() => state.onStartScenario(scenario, indexedSteps))\n  .then(() =>\n    resolveAndRunBeforeHooks.call(this, scenario.tags, state.feature.name)\n  )\n  .then(() =>\n    indexedSteps.forEach((step) =>\n      stepTest.call(this, state, step, rowData)\n    )\n  )\n  .then(() => state.onFinishScenario(scenario));",
              "err": {},
              "uuid": "b34ad739-be68-4c4e-9e6f-b05ea34ab8cc",
              "parentUUID": "6f7cc516-f602-414e-8014-2695de101cd5",
              "isHook": false,
              "skipped": false
            },
            {
              "title": "Test user login as Admin using correct credentials in Mobile",
              "fullTitle": "Test login feature Test user login as Admin using correct credentials in Mobile",
              "timedOut": null,
              "duration": 2194,
              "state": "passed",
              "speed": "slow",
              "pass": true,
              "fail": false,
              "pending": false,
              "context": null,
              "code": "const state = window.testState;\nreturn cy\n  .then(() => state.onStartScenario(scenario, indexedSteps))\n  .then(() =>\n    resolveAndRunBeforeHooks.call(this, scenario.tags, state.feature.name)\n  )\n  .then(() =>\n    indexedSteps.forEach((step) =>\n      stepTest.call(this, state, step, rowData)\n    )\n  )\n  .then(() => state.onFinishScenario(scenario));",
              "err": {},
              "uuid": "5c06a861-e1a1-4c86-b6ab-10dc28c1ff39",
              "parentUUID": "6f7cc516-f602-414e-8014-2695de101cd5",
              "isHook": false,
              "skipped": false
            },
            {
              "title": "Test user login as Admin using correct credentials in Ipad",
              "fullTitle": "Test login feature Test user login as Admin using correct credentials in Ipad",
              "timedOut": null,
              "duration": 1682,
              "state": "passed",
              "speed": "slow",
              "pass": true,
              "fail": false,
              "pending": false,
              "context": null,
              "code": "const state = window.testState;\nreturn cy\n  .then(() => state.onStartScenario(scenario, indexedSteps))\n  .then(() =>\n    resolveAndRunBeforeHooks.call(this, scenario.tags, state.feature.name)\n  )\n  .then(() =>\n    indexedSteps.forEach((step) =>\n      stepTest.call(this, state, step, rowData)\n    )\n  )\n  .then(() => state.onFinishScenario(scenario));",
              "err": {},
              "uuid": "b148c175-83db-4064-a1b1-025818dd9972",
              "parentUUID": "6f7cc516-f602-414e-8014-2695de101cd5",
              "isHook": false,
              "skipped": false
            }
          ],
          "suites": [],
          "passes": [
            "b34ad739-be68-4c4e-9e6f-b05ea34ab8cc",
            "5c06a861-e1a1-4c86-b6ab-10dc28c1ff39",
            "b148c175-83db-4064-a1b1-025818dd9972"
          ],
          "failures": [],
          "pending": [],
          "skipped": [],
          "duration": 34702,
          "root": false,
          "rootEmpty": false,
          "_timeout": 2000
        }
      ],
      "passes": [],
      "failures": [],
      "pending": [],
      "skipped": [],
      "duration": 0,
      "root": true,
      "rootEmpty": true,
      "_timeout": 2000
    }
  ],
  "meta": {
    "mocha": {
      "version": "7.0.1"
    },
    "mochawesome": {
      "options": {
        "quiet": false,
        "reportFilename": "mochawesome",
        "saveHtml": false,
        "saveJson": true,
        "consoleReporter": "spec",
        "useInlineDiffs": false,
        "code": true
      },
      "version": "6.2.2"
    },
    "marge": {
      "options": {
        "id": "default",
        "reportDir": "cypress/results/reports/mochawesome",
        "overwrite": false,
        "html": false,
        "json": true
      },
      "version": "5.2.0"
    }
  }
}